<?xml version="1.0" encoding="UTF-8"?>
<testsuite name="Test" tests="6" skipped="0" failures="0" errors="0" timestamp="2024-03-25T23:35:13" hostname="Stanislavs-MacBook-Air.local" time="0.076">
  <properties/>
  <testcase name="getAllPossibleColorsMethodTest()" classname="Test" time="0.04"/>
  <testcase name="groupPhotosByHairAndHatMethodTest()" classname="Test" time="0.008"/>
  <testcase name="toPhotoCharactersMethodTest()" classname="Test" time="0.0"/>
  <testcase name="groupPhotosByColorMethodTest()" classname="Test" time="0.004"/>
  <testcase name="toColorMethodTest()" classname="Test" time="0.001"/>
  <testcase name="findPhotoMethodBaseTest()" classname="Test" time="0.021"/>
  <system-out><![CDATA[]]></system-out>
  <system-err><![CDATA[]]></system-err>
</testsuite>
