<?xml version="1.0" encoding="UTF-8"?>
<testsuite name="Test" tests="15" skipped="0" failures="0" errors="0" timestamp="2024-03-25T22:58:45" hostname="Stanislavs-MacBook-Air.local" time="0.098">
  <properties/>
  <testcase name="generateSetOfDucksMethodTest()" classname="Test" time="0.056"/>
  <testcase name="removeRandomDuckFromListMethodTest()" classname="Test" time="0.008"/>
  <testcase name="divideDucksIntoKotlinAndNonKotlinMethodTest()" classname="Test" time="0.002"/>
  <testcase name="addRandomDuckListMethodTest()" classname="Test" time="0.002"/>
  <testcase name="generateListOfDucksMethodTest()" classname="Test" time="0.002"/>
  <testcase name="generateMapOfDucksMethodTest()" classname="Test" time="0.005"/>
  <testcase name="deleteDucksWithoutKotlinStuffCollectionMethodTest()" classname="Test" time="0.002"/>
  <testcase name="deleteDucksWithoutKotlinStuffMapMethodTest()" classname="Test" time="0.0"/>
  <testcase name="addRandomDuckMapMethodTest()" classname="Test" time="0.001"/>
  <testcase name="addRandomDuckSetMethodTest()" classname="Test" time="0.002"/>
  <testcase name="generateRandomDuckMethodTest()" classname="Test" time="0.001"/>
  <testcase name="removeRandomDuckFromMapMethodTest()" classname="Test" time="0.003"/>
  <testcase name="shuffleDucksMethodTest()" classname="Test" time="0.002"/>
  <testcase name="removeRandomDuckFromSetMethodTest()" classname="Test" time="0.003"/>
  <testcase name="sortDucksMethodTest()" classname="Test" time="0.002"/>
  <system-out><![CDATA[]]></system-out>
  <system-err><![CDATA[]]></system-err>
</testsuite>
